[57183:2378866:0602/163658.792131:INFO:components/enterprise/browser/controller/chrome_browser_cloud_management_controller.cc:202] No machine level policy manager exists.
[57183:2378866:0602/163658.858833:WARNING:chrome/browser/extensions/extension_service.cc:359] --load-extension is not allowed in Google Chrome, ignoring.
[57229:2379426:0602/163700.780340:INFO:third_party/blink/renderer/modules/peerconnection/peer_connection_dependency_factory.cc:802] Running WebRTC with a combined Network and Worker thread.
[57199:2378996:0602/163700.819032:ERROR:gpu/ipc/service/gles2_command_buffer_stub.cc:270] ContextResult::kFatalFailure: Failed to create context.
[57199:2378996:0602/163700.819982:ERROR:gpu/ipc/service/gles2_command_buffer_stub.cc:270] ContextResult::kFatalFailure: Failed to create context.
[57183:2378866:0602/163700.902850:INFO:CONSOLE:169] "[GSI_LOGGER]: Your client application may not display the Google One Tap in its default position. When FedCM becomes mandatory, One Tap only displays in the default position. Refer to the migration guide to update your code accordingly and opt-in to FedCM to test your changes. Learn more: https://developers.google.com/identity/gsi/web/guides/fedcm-migration?s=dc#layout", source: https://static.licdn.com/aero-v1/sc/h/29rdkxlvag0d3cpj96fiilbju (169)
[57183:2378866:0602/163700.902940:INFO:CONSOLE:169] "[GSI_LOGGER]: Your client application uses one of the Google One Tap prompt UI status methods that may stop functioning when FedCM becomes mandatory. Refer to the migration guide to update your code accordingly and opt-in to FedCM to test your changes. Learn more: https://developers.google.com/identity/gsi/web/guides/fedcm-migration?s=dc#display_moment and https://developers.google.com/identity/gsi/web/guides/fedcm-migration?s=dc#skipped_moment", source: https://static.licdn.com/aero-v1/sc/h/29rdkxlvag0d3cpj96fiilbju (169)
[57183:2378866:0602/163700.903383:INFO:CONSOLE:169] "[GSI_LOGGER]: Currently, you disable FedCM on Google One Tap. FedCM for One Tap will become mandatory starting Oct 2024, and you won’t be able to disable it. Refer to the migration guide to update your code accordingly to ensure users will not be blocked from logging in. Learn more: https://developers.google.com/identity/gsi/web/guides/fedcm-migration", source: https://static.licdn.com/aero-v1/sc/h/29rdkxlvag0d3cpj96fiilbju (169)
[57200:2379027:0602/163700.936602:WARNING:net/dns/host_resolver_dns_task.cc:940] Address list empty after RFC3484 sort
[57200:2379027:0602/163700.938507:ERROR:services/network/p2p/socket_manager.cc:147] Failed to resolve address for stun.l.google.com., errorcode: -105
[57200:2379027:0602/163700.938568:ERROR:services/network/p2p/socket_manager.cc:147] Failed to resolve address for stun.l.google.com., errorcode: -105
[57229:2379427:0602/163700.945205:WARNING:third_party/webrtc/p2p/base/stun_port.cc:456] Port[3e9c400:0:1:0:host:Net[any:0:0:0:x:x:x:x:x/0:Wildcard:id=0]]: StunPort: stun host lookup received error -1
[57229:2379427:0602/163700.945261:WARNING:third_party/webrtc/p2p/base/stun_port.cc:456] Port[3e9f800:0:1:0:host:Net[any:0:0:0:x:x:x:x:x/0:Wildcard:id=0]]: StunPort: stun host lookup received error -1
[57199:2378996:0602/163700.964714:ERROR:gpu/ipc/service/gles2_command_buffer_stub.cc:270] ContextResult::kFatalFailure: Failed to create context.
[57199:2378996:0602/163700.965165:ERROR:gpu/ipc/service/gles2_command_buffer_stub.cc:270] ContextResult::kFatalFailure: Failed to create context.
[57236:2379436:0602/163700.978644:ERROR:sandbox/mac/system_services.cc:31] SetApplicationIsDaemon: Error Domain=NSOSStatusErrorDomain Code=-50 "paramErr: error in user parameter list" (-50)
[57183:2378866:0602/163701.205481:WARNING:chrome/browser/media/prefs/capture_device_ranking.h:255] Can't initialize the value of media.audio_input.user_preference_ranking because media.default_audio_capture_device isn't registered or is empty
[57183:2378866:0602/163701.205506:WARNING:chrome/browser/media/prefs/capture_device_ranking.h:255] Can't initialize the value of media.video_input.user_preference_ranking because media.default_video_capture_Device isn't registered or is empty
[57183:2378866:0602/163701.205536:WARNING:chrome/browser/media/prefs/capture_device_ranking.h:255] Can't initialize the value of media.audio_input.user_preference_ranking because media.default_audio_capture_device isn't registered or is empty
[57183:2378866:0602/163701.205544:WARNING:chrome/browser/media/prefs/capture_device_ranking.h:255] Can't initialize the value of media.video_input.user_preference_ranking because media.default_video_capture_Device isn't registered or is empty
[57183:2378866:0602/163701.994300:INFO:CONSOLE:2] "Error", source: https://client.protechts.net/PXdOjV695v/main.min.js (2)
[57183:2378866:0602/163705.359871:INFO:CONSOLE:0] "[DOM] Input elements should have autocomplete attributes (suggested: "current-password"): (More info: https://goo.gl/9p2vKq) %o", source: https://accounts.google.com/v3/signin/identifier?continue=https%3A%2F%2Faccounts.google.com%2Fgsi%2Fselect%3Fclient_id%3D990339570472-k6nqn1tpmitg8pui82bfaun3jrpmiuhs.apps.googleusercontent.com%26auto_select%3Dtrue%26ux_mode%3Dpopup%26ui_mode%3Dcard%26context%3Dsignin%26as%3Dn1SJLZ%2FI%2F0S%2FvmJitMfIzQ%26channel_id%3Dc9df2a26555db222f6dfefadbf2a9d5e72631984e9961ce2f0ac175956b6a2ea%26origin%3Dhttps%3A%2F%2Fwww.linkedin.com&faa=1&ifkv=AdBytiOC8j92LEwxd-ogXavxb8VR-KsCG7ZHD-00YuMTcmw7fE1F9keBmJX_4GIphIOPoEbI2lNW&flowName=GlifWebSignIn&flowEntry=ServiceLogin&dsh=S-1224254198%3A1748871425045825 (0)
[57183:2378866:0602/163705.363937:INFO:CONSOLE:440] "%c%s color: red; background: yellow; font-size: 24px; WARNING!", source: https://www.gstatic.com/_/mss/boq-identity/_/js/k=boq-identity.AccountsSignInUi.en_US.n3XhghNUXvU.es5.O/am=MQ4AjJWOTEMgIA68nzIL6ixAAkIGAAAAAAAAAABsAQAAjGMABA/d=1/excm=_b,_tp,identifierview/ed=1/dg=0/wt=2/ujg=1/rs=AOaEmlFzywk9E7t67YjqDhYdPX_SjUNNsg/m=_b,_tp (440)
[57183:2378866:0602/163705.363973:INFO:CONSOLE:440] "%c%s font-size: 18px; Using this console may allow attackers to impersonate you and steal your information using an attack called Self-XSS.
Do not enter or paste code that you do not understand.", source: https://www.gstatic.com/_/mss/boq-identity/_/js/k=boq-identity.AccountsSignInUi.en_US.n3XhghNUXvU.es5.O/am=MQ4AjJWOTEMgIA68nzIL6ixAAkIGAAAAAAAAAABsAQAAjGMABA/d=1/excm=_b,_tp,identifierview/ed=1/dg=0/wt=2/ujg=1/rs=AOaEmlFzywk9E7t67YjqDhYdPX_SjUNNsg/m=_b,_tp (440)
[57183:2378866:0602/163705.602013:WARNING:services/device/public/cpp/hid/hid_collection.cc:240] encountered report item with invalid report size (16384>32)
[57183:2378866:0602/163705.602089:WARNING:services/device/public/cpp/hid/hid_collection.cc:240] encountered report item with invalid report size (16384>32)
[57183:2378866:0602/163705.602157:WARNING:services/device/public/cpp/hid/hid_collection.cc:240] encountered report item with invalid report size (16384>32)
[57183:2378866:0602/163705.602262:WARNING:services/device/public/cpp/hid/hid_collection.cc:240] encountered report item with invalid report size (16384>32)
[57183:2378866:0602/163705.602335:WARNING:services/device/public/cpp/hid/hid_collection.cc:240] encountered report item with invalid report size (16384>32)
[57183:2378866:0602/163705.602397:WARNING:services/device/public/cpp/hid/hid_collection.cc:240] encountered report item with invalid report size (16384>32)
[57183:2378866:0602/163705.602495:WARNING:services/device/public/cpp/hid/hid_collection.cc:240] encountered report item with invalid report size (16024>32)
[57183:2378866:0602/163705.602534:WARNING:services/device/public/cpp/hid/hid_collection.cc:240] encountered report item with invalid report size (1048>32)
[57183:2378866:0602/163705.602881:WARNING:services/device/public/cpp/hid/hid_collection.cc:240] encountered report item with invalid report size (50>32)
[57183:2378866:0602/163705.641575:WARNING:chrome/browser/media/prefs/capture_device_ranking.h:255] Can't initialize the value of media.audio_input.user_preference_ranking because media.default_audio_capture_device isn't registered or is empty
[57183:2378866:0602/163705.641613:WARNING:chrome/browser/media/prefs/capture_device_ranking.h:255] Can't initialize the value of media.video_input.user_preference_ranking because media.default_video_capture_Device isn't registered or is empty
[57183:2378866:0602/163705.675747:WARNING:chrome/browser/media/prefs/capture_device_ranking.h:255] Can't initialize the value of media.audio_input.user_preference_ranking because media.default_audio_capture_device isn't registered or is empty
[57183:2378866:0602/163705.675791:WARNING:chrome/browser/media/prefs/capture_device_ranking.h:255] Can't initialize the value of media.video_input.user_preference_ranking because media.default_video_capture_Device isn't registered or is empty
[57229:2379426:0602/163706.686679:INFO:third_party/blink/renderer/modules/peerconnection/peer_connection_dependency_factory.cc:802] Running WebRTC with a combined Network and Worker thread.
[57183:2378866:0602/163706.689478:WARNING:chrome/browser/media/prefs/capture_device_ranking.h:255] Can't initialize the value of media.audio_input.user_preference_ranking because media.default_audio_capture_device isn't registered or is empty
[57183:2378866:0602/163706.689518:WARNING:chrome/browser/media/prefs/capture_device_ranking.h:255] Can't initialize the value of media.video_input.user_preference_ranking because media.default_video_capture_Device isn't registered or is empty
[57199:2378996:0602/163706.710593:ERROR:gpu/ipc/service/gles2_command_buffer_stub.cc:270] ContextResult::kFatalFailure: Failed to create context.
[57199:2378996:0602/163706.713369:ERROR:gpu/ipc/service/gles2_command_buffer_stub.cc:270] ContextResult::kFatalFailure: Failed to create context.
[57183:2378866:0602/163706.753357:INFO:CONSOLE:169] "[GSI_LOGGER]: Your client application may not display the Google One Tap in its default position. When FedCM becomes mandatory, One Tap only displays in the default position. Refer to the migration guide to update your code accordingly and opt-in to FedCM to test your changes. Learn more: https://developers.google.com/identity/gsi/web/guides/fedcm-migration?s=dc#layout", source: https://static.licdn.com/aero-v1/sc/h/29rdkxlvag0d3cpj96fiilbju (169)
[57183:2378866:0602/163706.753422:INFO:CONSOLE:169] "[GSI_LOGGER]: Your client application uses one of the Google One Tap prompt UI status methods that may stop functioning when FedCM becomes mandatory. Refer to the migration guide to update your code accordingly and opt-in to FedCM to test your changes. Learn more: https://developers.google.com/identity/gsi/web/guides/fedcm-migration?s=dc#display_moment and https://developers.google.com/identity/gsi/web/guides/fedcm-migration?s=dc#skipped_moment", source: https://static.licdn.com/aero-v1/sc/h/29rdkxlvag0d3cpj96fiilbju (169)
[57183:2378866:0602/163706.753442:INFO:CONSOLE:169] "[GSI_LOGGER]: Currently, you disable FedCM on Google One Tap. FedCM for One Tap will become mandatory starting Oct 2024, and you won’t be able to disable it. Refer to the migration guide to update your code accordingly to ensure users will not be blocked from logging in. Learn more: https://developers.google.com/identity/gsi/web/guides/fedcm-migration", source: https://static.licdn.com/aero-v1/sc/h/29rdkxlvag0d3cpj96fiilbju (169)
[57183:2378866:0602/163706.782797:WARNING:chrome/browser/media/prefs/capture_device_ranking.h:255] Can't initialize the value of media.audio_input.user_preference_ranking because media.default_audio_capture_device isn't registered or is empty
[57183:2378866:0602/163706.782849:WARNING:chrome/browser/media/prefs/capture_device_ranking.h:255] Can't initialize the value of media.video_input.user_preference_ranking because media.default_video_capture_Device isn't registered or is empty
[57200:2379027:0602/163706.795287:WARNING:net/dns/host_resolver_dns_task.cc:940] Address list empty after RFC3484 sort
[57200:2379027:0602/163706.796373:ERROR:services/network/p2p/socket_manager.cc:147] Failed to resolve address for stun.l.google.com., errorcode: -105
[57229:2379427:0602/163706.799672:WARNING:third_party/webrtc/p2p/base/stun_port.cc:456] Port[1103c00:0:1:0:host:Net[any:0:0:0:x:x:x:x:x/0:Wildcard:id=0]]: StunPort: stun host lookup received error -1
[57199:2378996:0602/163706.801291:ERROR:gpu/ipc/service/gles2_command_buffer_stub.cc:270] ContextResult::kFatalFailure: Failed to create context.
[57199:2378996:0602/163706.801998:ERROR:gpu/ipc/service/gles2_command_buffer_stub.cc:270] ContextResult::kFatalFailure: Failed to create context.
[57200:2379027:0602/163706.814465:WARNING:net/dns/host_resolver_dns_task.cc:940] Address list empty after RFC3484 sort
[57200:2379027:0602/163706.815202:ERROR:services/network/p2p/socket_manager.cc:147] Failed to resolve address for stun.l.google.com., errorcode: -105
[57229:2379427:0602/163706.815295:WARNING:third_party/webrtc/p2p/base/stun_port.cc:456] Port[31a2800:0:1:0:host:Net[any:0:0:0:x:x:x:x:x/0:Wildcard:id=0]]: StunPort: stun host lookup received error -1
[57183:2378866:0602/163706.987267:INFO:CONSOLE:2] "Error", source: https://client.protechts.net/PXdOjV695v/main.min.js (2)
[57230:2380018:0602/163708.723890:INFO:third_party/blink/renderer/modules/peerconnection/peer_connection_dependency_factory.cc:802] Running WebRTC with a combined Network and Worker thread.
[57199:2378996:0602/163709.719344:ERROR:gpu/ipc/service/gles2_command_buffer_stub.cc:270] ContextResult::kFatalFailure: Failed to create context.
[57199:2378996:0602/163709.719947:ERROR:gpu/ipc/service/gles2_command_buffer_stub.cc:270] ContextResult::kFatalFailure: Failed to create context.
[57199:2378996:0602/163709.942079:ERROR:gpu/ipc/service/gles2_command_buffer_stub.cc:270] ContextResult::kFatalFailure: Failed to create context.
[57183:2378866:0602/163712.015110:INFO:CONSOLE:0] "Load failed or canceled (net::ERR_ABORTED; HTTP status 403) for rule set requested from "https://www.fuzu.com/cdn-cgi/speculation" found in Speculation-Rules header.", source: https://www.fuzu.com/ (0)
[57183:2378866:0602/163712.988632:INFO:CONSOLE:0] "[DOM] Input elements should have autocomplete attributes (suggested: "current-password"): (More info: https://goo.gl/9p2vKq) %o", source: https://accounts.google.com/v3/signin/identifier?continue=https%3A%2F%2Faccounts.google.com%2Fgsi%2Fselect%3Fclient_id%3D990339570472-k6nqn1tpmitg8pui82bfaun3jrpmiuhs.apps.googleusercontent.com%26auto_select%3Dtrue%26ux_mode%3Dpopup%26ui_mode%3Dcard%26context%3Dsignin%26as%3Dn1SJLZ%2FI%2F0S%2FvmJitMfIzQ%26channel_id%3Dc9df2a26555db222f6dfefadbf2a9d5e72631984e9961ce2f0ac175956b6a2ea%26origin%3Dhttps%3A%2F%2Fwww.linkedin.com&faa=1&flowEntry=ServiceLogin&flowName=GlifWebSignIn&ifkv=AdBytiObsoTAnSM0aJYwEeIMQkwZf41YSg2iXYE-TKP_0CEljaL9K6lvW_k_Ol252srllkv9xWIjvw&dsh=S-1489401161%3A1748871432817456 (0)
[57183:2378866:0602/163712.993220:INFO:CONSOLE:440] "%c%s color: red; background: yellow; font-size: 24px; WARNING!", source: https://www.gstatic.com/_/mss/boq-identity/_/js/k=boq-identity.AccountsSignInUi.en_US.n3XhghNUXvU.es5.O/am=MQ4AjJWOTEMgIA68nzIL6ixAAkIGAAAAAAAAAABsAQAAjGMABA/d=1/excm=_b,_tp,identifierview/ed=1/dg=0/wt=2/ujg=1/rs=AOaEmlFzywk9E7t67YjqDhYdPX_SjUNNsg/m=_b,_tp (440)
[57183:2378866:0602/163712.993280:INFO:CONSOLE:440] "%c%s font-size: 18px; Using this console may allow attackers to impersonate you and steal your information using an attack called Self-XSS.
Do not enter or paste code that you do not understand.", source: https://www.gstatic.com/_/mss/boq-identity/_/js/k=boq-identity.AccountsSignInUi.en_US.n3XhghNUXvU.es5.O/am=MQ4AjJWOTEMgIA68nzIL6ixAAkIGAAAAAAAAAABsAQAAjGMABA/d=1/excm=_b,_tp,identifierview/ed=1/dg=0/wt=2/ujg=1/rs=AOaEmlFzywk9E7t67YjqDhYdPX_SjUNNsg/m=_b,_tp (440)
[57183:2378866:0602/163713.489829:WARNING:chrome/browser/media/prefs/capture_device_ranking.h:255] Can't initialize the value of media.audio_input.user_preference_ranking because media.default_audio_capture_device isn't registered or is empty
[57183:2378866:0602/163713.489882:WARNING:chrome/browser/media/prefs/capture_device_ranking.h:255] Can't initialize the value of media.video_input.user_preference_ranking because media.default_video_capture_Device isn't registered or is empty
[57183:2378866:0602/163713.523813:WARNING:chrome/browser/media/prefs/capture_device_ranking.h:255] Can't initialize the value of media.audio_input.user_preference_ranking because media.default_audio_capture_device isn't registered or is empty
[57183:2378866:0602/163713.523860:WARNING:chrome/browser/media/prefs/capture_device_ranking.h:255] Can't initialize the value of media.video_input.user_preference_ranking because media.default_video_capture_Device isn't registered or is empty
[57183:2378866:0602/163717.123228:INFO:CONSOLE:0] "Load failed or canceled (net::ERR_ABORTED; HTTP status 403) for rule set requested from "https://www.fuzu.com/cdn-cgi/speculation" found in Speculation-Rules header.", source: https://www.fuzu.com/ (0)
