2025-06-02 15:05:37,957 - INFO - Starting job application process
2025-06-02 15:05:37,957 - INFO - Starting job scraping process...
2025-06-02 15:05:38,407 - INFO - Successfully scraped 0 jobs
2025-06-02 15:05:38,409 - WARNING - No jobs found to apply for
2025-06-02 15:06:01,852 - INFO - Starting job application process
2025-06-02 15:06:01,853 - INFO - Starting job scraping process...
2025-06-02 15:06:01,853 - INFO - Fetching jobs from https://www.brightermonday.co.ke/jobs
2025-06-02 15:06:02,727 - WARNING - No job cards found with any selector. Dumping page structure for debugging...
2025-06-02 15:06:02,752 - WARNING - No jobs found to apply for
2025-06-02 15:08:48,252 - INFO - Starting job application process
2025-06-02 15:08:48,252 - INFO - Scraping BrighterMonday jobs...
2025-06-02 15:08:48,662 - INFO - BrighterMonday: 0 jobs scraped.
2025-06-02 15:08:48,664 - INFO - Scraping LinkedIn jobs...
2025-06-02 15:08:49,627 - INFO - LinkedIn: 0 jobs scraped.
2025-06-02 15:08:49,628 - INFO - Scraping Fuzu jobs...
2025-06-02 15:08:53,389 - INFO - Fuzu: 0 jobs scraped.
2025-06-02 15:08:53,391 - INFO - Scraping MyJobsMag jobs...
2025-06-02 15:08:57,881 - INFO - MyJobsMag: 0 jobs scraped.
2025-06-02 15:08:57,883 - INFO - Total jobs scraped from all boards: 0
2025-06-02 15:08:57,883 - WARNING - No jobs found to apply for
2025-06-02 15:12:24,942 - INFO - Starting job application process
2025-06-02 15:12:24,942 - INFO - Scraping BrighterMonday jobs...
2025-06-02 15:12:25,375 - INFO - BrighterMonday: 0 jobs scraped.
2025-06-02 15:12:25,376 - INFO - Scraping LinkedIn jobs...
2025-06-02 15:12:25,376 - INFO - ====== WebDriver manager ======
2025-06-02 15:12:25,548 - INFO - Get LATEST chromedriver version for google-chrome
2025-06-02 15:12:25,806 - INFO - Get LATEST chromedriver version for google-chrome
2025-06-02 15:12:26,089 - INFO - There is no [mac64] chromedriver "137.0.7151.55" for browser google-chrome "137.0.7151" in cache
2025-06-02 15:12:26,100 - INFO - Get LATEST chromedriver version for google-chrome
2025-06-02 15:12:26,787 - INFO - WebDriver version 137.0.7151.55 selected
2025-06-02 15:12:26,791 - INFO - Modern chrome version https://storage.googleapis.com/chrome-for-testing-public/137.0.7151.55/mac-arm64/chromedriver-mac-arm64.zip
2025-06-02 15:12:26,791 - INFO - About to download new driver from https://storage.googleapis.com/chrome-for-testing-public/137.0.7151.55/mac-arm64/chromedriver-mac-arm64.zip
2025-06-02 15:12:27,273 - INFO - Driver downloading response is 200
2025-06-02 15:12:31,441 - INFO - Get LATEST chromedriver version for google-chrome
2025-06-02 15:12:31,724 - INFO - Driver has been saved in cache [/Users/jobkimani/.wdm/drivers/chromedriver/mac64/137.0.7151.55]
2025-06-02 15:12:31,730 - ERROR - Error setting up Chrome driver: [Errno 8] Exec format error: '/Users/jobkimani/.wdm/drivers/chromedriver/mac64/137.0.7151.55/chromedriver-mac-arm64/THIRD_PARTY_NOTICES.chromedriver'
2025-06-02 15:12:58,992 - INFO - Starting job application process
2025-06-02 15:12:58,992 - INFO - Scraping BrighterMonday jobs...
2025-06-02 15:12:59,474 - INFO - BrighterMonday: 0 jobs scraped.
2025-06-02 15:12:59,475 - INFO - Scraping LinkedIn jobs...
2025-06-02 15:12:59,476 - ERROR - Error setting up Chrome driver: ChromeDriverManager.__init__() got an unexpected keyword argument 'version'
2025-06-02 15:12:59,476 - ERROR - LinkedIn Selenium scrape error: ChromeDriverManager.__init__() got an unexpected keyword argument 'version'
2025-06-02 15:13:00,561 - INFO - LinkedIn: 0 jobs scraped.
2025-06-02 15:13:00,563 - INFO - Scraping Fuzu jobs...
2025-06-02 15:13:00,563 - ERROR - Error setting up Chrome driver: ChromeDriverManager.__init__() got an unexpected keyword argument 'version'
2025-06-02 15:13:00,563 - ERROR - Fuzu Selenium scrape error: ChromeDriverManager.__init__() got an unexpected keyword argument 'version'
2025-06-02 15:13:01,335 - INFO - Fuzu: 0 jobs scraped.
2025-06-02 15:13:01,337 - INFO - Scraping MyJobsMag jobs...
2025-06-02 15:13:06,247 - INFO - MyJobsMag: 0 jobs scraped.
2025-06-02 15:13:06,248 - INFO - Total jobs scraped from all boards: 0
2025-06-02 15:13:06,248 - WARNING - No jobs found to apply for
2025-06-02 15:15:51,205 - INFO - Starting job application process
2025-06-02 15:15:51,205 - INFO - Scraping BrighterMonday jobs...
2025-06-02 15:15:51,229 - DEBUG - Starting new HTTPS connection (1): www.brightermonday.co.ke:443
2025-06-02 15:15:51,727 - DEBUG - https://www.brightermonday.co.ke:443 "GET /jobs HTTP/1.1" 200 None
2025-06-02 15:15:51,764 - DEBUG - BrighterMonday HTML snippet: <!DOCTYPE html>
<html class="no-js scroll-smooth" lang="en-ke">
<head>
    <meta charset="utf-8" />
    <meta name="viewport" content="width=device-width, initial-scale=1, shrink-to-fit=no">
    <meta name="google-site-verification" content="4hClu3W3PtjepabInbxYOahjMMOlzUNqWBY9OKZJtdA" />
    <meta name="csrf-token" content="qxjJBRLFyETC0AB7j4qGGu5HAn0hgJzBAkRPygLQ">

                                <link rel="prerender" href="https://www.brightermonday.co.ke/listings/marketing-officer-real-estate-7w2jdx">
                    <link rel="prerender" href="https://www.brightermonday.co.ke/listings/receptionist-9j7kjn">
                    <link rel="prerender" href="https://www.brightermonday.co.ke/listings/sales-supervisor-location-kisiimigori-7w2jwj">
                    <link rel="prerender" href="https://www.brightermonday.co.ke/listings/qhse-officer-construction-wp4r2d">
                    <link rel="prerender" href="https://www.brightermonday.co.ke/listings/accountantcredit-control...
2025-06-02 15:15:51,854 - INFO - BrighterMonday: 0 jobs scraped.
2025-06-02 15:15:51,855 - INFO - Scraping LinkedIn jobs...
2025-06-02 15:15:51,855 - INFO - ====== WebDriver manager ======
2025-06-02 15:15:52,015 - INFO - Get LATEST chromedriver version for google-chrome
2025-06-02 15:15:52,017 - DEBUG - Starting new HTTPS connection (1): googlechromelabs.github.io:443
2025-06-02 15:15:52,225 - DEBUG - https://googlechromelabs.github.io:443 "GET /chrome-for-testing/latest-patch-versions-per-build.json HTTP/1.1" 200 11368
2025-06-02 15:15:52,236 - INFO - Get LATEST chromedriver version for google-chrome
2025-06-02 15:15:52,238 - DEBUG - Starting new HTTPS connection (1): googlechromelabs.github.io:443
2025-06-02 15:15:52,447 - DEBUG - https://googlechromelabs.github.io:443 "GET /chrome-for-testing/latest-patch-versions-per-build.json HTTP/1.1" 200 11368
2025-06-02 15:15:52,460 - INFO - Driver [/Users/jobkimani/.wdm/drivers/chromedriver/mac64/137.0.7151.55/chromedriver-mac-arm64/THIRD_PARTY_NOTICES.chromedriver] found in cache
2025-06-02 15:15:52,464 - ERROR - Error setting up Chrome driver: [Errno 8] Exec format error: '/Users/jobkimani/.wdm/drivers/chromedriver/mac64/137.0.7151.55/chromedriver-mac-arm64/THIRD_PARTY_NOTICES.chromedriver'
2025-06-02 15:15:52,465 - ERROR - LinkedIn Selenium scrape error: [Errno 8] Exec format error: '/Users/jobkimani/.wdm/drivers/chromedriver/mac64/137.0.7151.55/chromedriver-mac-arm64/THIRD_PARTY_NOTICES.chromedriver'
2025-06-02 15:15:52,482 - DEBUG - Starting new HTTPS connection (1): www.linkedin.com:443
2025-06-02 15:15:53,385 - DEBUG - https://www.linkedin.com:443 "GET /jobs/search/?keywords=junior%20data%20science&location=Kenya HTTP/1.1" 200 17787
2025-06-02 15:15:53,394 - DEBUG - LinkedIn fallback HTML snippet: <!DOCTYPE html>

    
    
    
    
    
    

    
    
    
    

    
    
    
    

    
    <html lang="en">
      <head>
        <meta name="pageKey" content="d_jobs_guest_search">
<!----><!---->          <meta name="linkedin:pageTag" content="urlType=jserp_custom;emptyResult=false">
        <meta name="locale" content="en_US">
        <meta id="config" data-app-version="2.0.2464" data-call-tree-id="AAY2lbmkn/gS0P5Lnc6eFg==" data-multiproduct-name="jobs-guest-frontend" data-service-name="jobs-guest-frontend" data-browser-id="0ecb9cd8-359c-4b72-865e-34e5fb1f3276" data-enable-page-view-heartbeat-tracking data-page-instance="urn:li:page:d_jobs_guest_search;0NVIjn7SQHyf85hSeo1xaw==" data-disable-jsbeacon-pagekey-suffix="false" data-member-id="0" data-should-use-full-url-in-pve-path="true" data-dna-member-lix-treatment="enabled" data-human-member-lix-treatment="control" data-dfp-member-lix-treatment="control" data-sync-apfc-headers-lix-treatment="control" data-sync-apfc-cb-lix-treat...
2025-06-02 15:15:53,430 - INFO - LinkedIn: 0 jobs scraped.
2025-06-02 15:15:53,431 - INFO - Scraping Fuzu jobs...
2025-06-02 15:15:53,431 - INFO - ====== WebDriver manager ======
2025-06-02 15:15:53,593 - INFO - Get LATEST chromedriver version for google-chrome
2025-06-02 15:15:53,596 - DEBUG - Starting new HTTPS connection (1): googlechromelabs.github.io:443
2025-06-02 15:15:53,818 - DEBUG - https://googlechromelabs.github.io:443 "GET /chrome-for-testing/latest-patch-versions-per-build.json HTTP/1.1" 200 11368
2025-06-02 15:15:53,827 - INFO - Get LATEST chromedriver version for google-chrome
2025-06-02 15:15:53,829 - DEBUG - Starting new HTTPS connection (1): googlechromelabs.github.io:443
2025-06-02 15:15:54,030 - DEBUG - https://googlechromelabs.github.io:443 "GET /chrome-for-testing/latest-patch-versions-per-build.json HTTP/1.1" 200 11368
2025-06-02 15:15:54,040 - INFO - Driver [/Users/jobkimani/.wdm/drivers/chromedriver/mac64/137.0.7151.55/chromedriver-mac-arm64/THIRD_PARTY_NOTICES.chromedriver] found in cache
2025-06-02 15:15:54,046 - ERROR - Error setting up Chrome driver: [Errno 8] Exec format error: '/Users/jobkimani/.wdm/drivers/chromedriver/mac64/137.0.7151.55/chromedriver-mac-arm64/THIRD_PARTY_NOTICES.chromedriver'
2025-06-02 15:15:54,046 - ERROR - Fuzu Selenium scrape error: [Errno 8] Exec format error: '/Users/jobkimani/.wdm/drivers/chromedriver/mac64/137.0.7151.55/chromedriver-mac-arm64/THIRD_PARTY_NOTICES.chromedriver'
2025-06-02 15:15:54,050 - DEBUG - Starting new HTTPS connection (1): www.fuzu.com:443
2025-06-02 15:15:54,486 - DEBUG - https://www.fuzu.com:443 "GET /jobs?search=junior%20data%20science&location=kenya HTTP/1.1" 301 None
2025-06-02 15:15:54,765 - DEBUG - https://www.fuzu.com:443 "GET /job HTTP/1.1" 200 None
2025-06-02 15:15:54,924 - DEBUG - Fuzu fallback HTML snippet: <!doctype html>
<html lang="en">
<head>
  <meta charset="UTF-8">
  <meta content="IE=edge" http-equiv="X-UA-Compatible">
  <meta name="viewport" content="width=device-width, initial-scale=1.0, maximum-scale=5.0, minimum-scale=1.0">
    <meta name="theme-color" content="#ffffff" />
  <meta http-equiv="X-UA-Compatible" content="ie=edge">
  <meta name="turbolinks-cache-control" content="no-cache">

    

    
    <title>1313 jobs in Africa in June 2025 | Fuzu</title>
<meta property="og:title" content="1313 jobs in Africa in June 2025 | Fuzu" data-react-helmet="true" />
<meta name="description" content="Search latest jobs and vacancies in Africa. Access job search, learning and career planning tools &amp; alerts. Temporary and permanent job opportunities." data-react-helmet="true" />
<meta property="og:description" content="Search latest jobs and vacancies in Africa. Access job search, learning and career planning tools &amp; alerts. Temporary and permanent job opportunities." data-react-h...
2025-06-02 15:15:54,965 - INFO - Fuzu: 0 jobs scraped.
2025-06-02 15:15:54,967 - INFO - Scraping MyJobsMag jobs...
2025-06-02 15:15:54,975 - DEBUG - Starting new HTTPS connection (1): www.myjobmag.co.ke:443
2025-06-02 15:15:59,694 - DEBUG - https://www.myjobmag.co.ke:443 "GET /jobs-by-title/data-analyst HTTP/1.1" 200 None
2025-06-02 15:16:00,130 - DEBUG - MyJobsMag HTML snippet: 

<!doctype html>

<html>

<head>



<meta http-equiv="Content-Type" content="text/html; charset=utf-8" />
<meta http-equiv="Content-Language" Content="en" />
<base href="https://www.myjobmag.co.ke/" />
<title>Data Analyst Jobs in Kenya June 2025 | MyJobMag</title>

<meta name="description" content="Latest Data Analyst jobs in Kenya on MyJobMag. Discover over 18 Data Analyst vacancies today and get hired. Apply now." />

<link rel="canonical" href="https://www.myjobmag.co.ke/jobs-by-title/data-analyst" />
<link rel="next" href="https://www.myjobmag.co.ke/jobs-by-title/data-analyst/2" />
<meta name="robots" content="index, follow">
<meta name="revisit-after" content="1" />
<meta name="refresh time" content="1" />
<meta name="copyright" content="myjobmag.co.ke" />
<meta name="author" content="Myjobmag" />


<meta name="language" content="English" />


<meta name="revisit-after" content="1" />

<meta property="og:title" content="Data Analyst Jobs in Kenya Ju...
2025-06-02 15:16:00,192 - INFO - Found job: Senior Business Analyst - Agricultural Service at Bridge Talent Management
2025-06-02 15:16:00,193 - INFO - MyJobsMag: 1 jobs scraped.
2025-06-02 15:16:00,194 - INFO - Total jobs scraped from all boards: 1
2025-06-02 15:16:00,194 - INFO - ====== WebDriver manager ======
2025-06-02 15:16:00,360 - INFO - Get LATEST chromedriver version for google-chrome
2025-06-02 15:16:00,363 - DEBUG - Starting new HTTPS connection (1): googlechromelabs.github.io:443
2025-06-02 15:16:00,572 - DEBUG - https://googlechromelabs.github.io:443 "GET /chrome-for-testing/latest-patch-versions-per-build.json HTTP/1.1" 200 11368
2025-06-02 15:16:00,581 - INFO - Get LATEST chromedriver version for google-chrome
2025-06-02 15:16:00,583 - DEBUG - Starting new HTTPS connection (1): googlechromelabs.github.io:443
2025-06-02 15:16:00,804 - DEBUG - https://googlechromelabs.github.io:443 "GET /chrome-for-testing/latest-patch-versions-per-build.json HTTP/1.1" 200 11368
2025-06-02 15:16:00,813 - INFO - Driver [/Users/jobkimani/.wdm/drivers/chromedriver/mac64/137.0.7151.55/chromedriver-mac-arm64/THIRD_PARTY_NOTICES.chromedriver] found in cache
2025-06-02 15:16:00,818 - ERROR - Error setting up Chrome driver: [Errno 8] Exec format error: '/Users/jobkimani/.wdm/drivers/chromedriver/mac64/137.0.7151.55/chromedriver-mac-arm64/THIRD_PARTY_NOTICES.chromedriver'
2025-06-02 15:21:55,785 - INFO - Starting job application process
2025-06-02 15:21:55,786 - INFO - Scraping BrighterMonday jobs...
2025-06-02 15:21:55,803 - DEBUG - Starting new HTTPS connection (1): www.brightermonday.co.ke:443
2025-06-02 15:21:56,199 - DEBUG - https://www.brightermonday.co.ke:443 "GET /jobs HTTP/1.1" 200 None
2025-06-02 15:21:56,229 - DEBUG - BrighterMonday HTML snippet: <!DOCTYPE html>
<html class="no-js scroll-smooth" lang="en-ke">
<head>
    <meta charset="utf-8" />
    <meta name="viewport" content="width=device-width, initial-scale=1, shrink-to-fit=no">
    <meta name="google-site-verification" content="4hClu3W3PtjepabInbxYOahjMMOlzUNqWBY9OKZJtdA" />
    <meta name="csrf-token" content="UfF9TQ3O2IB9rcfneMAcvBQDYopzNVdtI0lFveYM">

                                <link rel="prerender" href="https://www.brightermonday.co.ke/listings/marketing-officer-real-estate-7w2jdx">
                    <link rel="prerender" href="https://www.brightermonday.co.ke/listings/receptionist-9j7kjn">
                    <link rel="prerender" href="https://www.brightermonday.co.ke/listings/sales-supervisor-location-kisiimigori-7w2jwj">
                    <link rel="prerender" href="https://www.brightermonday.co.ke/listings/qhse-officer-construction-wp4r2d">
                    <link rel="prerender" href="https://www.brightermonday.co.ke/listings/accountantcredit-control...
2025-06-02 15:21:56,292 - INFO - BrighterMonday: 0 jobs scraped.
2025-06-02 15:21:56,294 - INFO - Scraping LinkedIn jobs...
2025-06-02 15:21:56,294 - INFO - ====== WebDriver manager ======
2025-06-02 15:21:56,444 - INFO - Get LATEST chromedriver version for google-chrome
2025-06-02 15:21:56,447 - DEBUG - Starting new HTTPS connection (1): googlechromelabs.github.io:443
2025-06-02 15:21:56,678 - DEBUG - https://googlechromelabs.github.io:443 "GET /chrome-for-testing/latest-patch-versions-per-build.json HTTP/1.1" 200 11368
2025-06-02 15:21:56,688 - INFO - Get LATEST chromedriver version for google-chrome
2025-06-02 15:21:56,690 - DEBUG - Starting new HTTPS connection (1): googlechromelabs.github.io:443
2025-06-02 15:21:56,894 - DEBUG - https://googlechromelabs.github.io:443 "GET /chrome-for-testing/latest-patch-versions-per-build.json HTTP/1.1" 200 11368
2025-06-02 15:21:56,919 - INFO - Get LATEST chromedriver version for google-chrome
2025-06-02 15:21:56,922 - DEBUG - Starting new HTTPS connection (1): googlechromelabs.github.io:443
2025-06-02 15:21:57,143 - DEBUG - https://googlechromelabs.github.io:443 "GET /chrome-for-testing/latest-patch-versions-per-build.json HTTP/1.1" 200 11368
2025-06-02 15:21:57,156 - DEBUG - Starting new HTTPS connection (1): googlechromelabs.github.io:443
2025-06-02 15:21:57,369 - DEBUG - https://googlechromelabs.github.io:443 "GET /chrome-for-testing/known-good-versions-with-downloads.json HTTP/1.1" 200 94191
2025-06-02 15:21:57,516 - INFO - WebDriver version 137.0.7151.55 selected
2025-06-02 15:21:57,519 - INFO - Modern chrome version https://storage.googleapis.com/chrome-for-testing-public/137.0.7151.55/mac-arm64/chromedriver-mac-arm64.zip
2025-06-02 15:21:57,519 - INFO - About to download new driver from https://storage.googleapis.com/chrome-for-testing-public/137.0.7151.55/mac-arm64/chromedriver-mac-arm64.zip
2025-06-02 15:21:57,530 - DEBUG - Starting new HTTPS connection (1): storage.googleapis.com:443
2025-06-02 15:21:57,727 - DEBUG - https://storage.googleapis.com:443 "GET /chrome-for-testing-public/137.0.7151.55/mac-arm64/chromedriver-mac-arm64.zip HTTP/1.1" 200 8607033
2025-06-02 15:21:57,728 - INFO - Driver downloading response is 200
2025-06-02 15:22:05,607 - INFO - Get LATEST chromedriver version for google-chrome
2025-06-02 15:22:05,610 - DEBUG - Starting new HTTPS connection (1): googlechromelabs.github.io:443
2025-06-02 15:22:05,835 - DEBUG - https://googlechromelabs.github.io:443 "GET /chrome-for-testing/latest-patch-versions-per-build.json HTTP/1.1" 200 11368
2025-06-02 15:22:05,915 - INFO - Driver has been saved in cache [/Users/jobkimani/.wdm/drivers/chromedriver/mac64/137.0.7151.55]
2025-06-02 15:22:05,922 - ERROR - Error setting up Chrome driver: [Errno 8] Exec format error: '/Users/jobkimani/.wdm/drivers/chromedriver/mac64/137.0.7151.55/chromedriver-mac-arm64/THIRD_PARTY_NOTICES.chromedriver'
2025-06-02 15:22:05,922 - ERROR - LinkedIn Selenium scrape error: [Errno 8] Exec format error: '/Users/jobkimani/.wdm/drivers/chromedriver/mac64/137.0.7151.55/chromedriver-mac-arm64/THIRD_PARTY_NOTICES.chromedriver'
2025-06-02 15:22:05,935 - DEBUG - Starting new HTTPS connection (1): www.linkedin.com:443
2025-06-02 15:22:06,837 - DEBUG - https://www.linkedin.com:443 "GET /jobs/search/?keywords=junior%20data%20science&location=Kenya HTTP/1.1" 200 17794
2025-06-02 15:22:06,846 - DEBUG - LinkedIn fallback HTML snippet: <!DOCTYPE html>

    
    
    
    
    
    

    
    
    
    

    
    
    
    

    
    <html lang="en">
      <head>
        <meta name="pageKey" content="d_jobs_guest_search">
<!----><!---->          <meta name="linkedin:pageTag" content="urlType=jserp_custom;emptyResult=false">
        <meta name="locale" content="en_US">
        <meta id="config" data-app-version="2.0.2464" data-call-tree-id="AAY2lc/neTIhLRaYqK5HIg==" data-multiproduct-name="jobs-guest-frontend" data-service-name="jobs-guest-frontend" data-browser-id="41cdc430-b8ef-414f-8832-fd1466a95cb4" data-enable-page-view-heartbeat-tracking data-page-instance="urn:li:page:d_jobs_guest_search;MLN8+kFlT7S28fK3Kkci1Q==" data-disable-jsbeacon-pagekey-suffix="false" data-member-id="0" data-should-use-full-url-in-pve-path="true" data-dna-member-lix-treatment="enabled" data-human-member-lix-treatment="enabled" data-dfp-member-lix-treatment="control" data-sync-apfc-headers-lix-treatment="control" data-sync-apfc-cb-lix-treat...
2025-06-02 15:22:06,878 - INFO - LinkedIn: 0 jobs scraped.
2025-06-02 15:22:06,880 - INFO - Scraping Fuzu jobs...
2025-06-02 15:22:06,880 - INFO - ====== WebDriver manager ======
2025-06-02 15:22:07,072 - INFO - Get LATEST chromedriver version for google-chrome
2025-06-02 15:22:07,075 - DEBUG - Starting new HTTPS connection (1): googlechromelabs.github.io:443
2025-06-02 15:22:07,286 - DEBUG - https://googlechromelabs.github.io:443 "GET /chrome-for-testing/latest-patch-versions-per-build.json HTTP/1.1" 200 11368
2025-06-02 15:22:07,298 - INFO - Get LATEST chromedriver version for google-chrome
2025-06-02 15:22:07,300 - DEBUG - Starting new HTTPS connection (1): googlechromelabs.github.io:443
2025-06-02 15:22:07,509 - DEBUG - https://googlechromelabs.github.io:443 "GET /chrome-for-testing/latest-patch-versions-per-build.json HTTP/1.1" 200 11368
2025-06-02 15:22:07,525 - INFO - Driver [/Users/jobkimani/.wdm/drivers/chromedriver/mac64/137.0.7151.55/chromedriver-mac-arm64/THIRD_PARTY_NOTICES.chromedriver] found in cache
2025-06-02 15:22:07,532 - ERROR - Error setting up Chrome driver: [Errno 8] Exec format error: '/Users/jobkimani/.wdm/drivers/chromedriver/mac64/137.0.7151.55/chromedriver-mac-arm64/THIRD_PARTY_NOTICES.chromedriver'
2025-06-02 15:22:07,533 - ERROR - Fuzu Selenium scrape error: [Errno 8] Exec format error: '/Users/jobkimani/.wdm/drivers/chromedriver/mac64/137.0.7151.55/chromedriver-mac-arm64/THIRD_PARTY_NOTICES.chromedriver'
2025-06-02 15:22:07,550 - DEBUG - Starting new HTTPS connection (1): www.fuzu.com:443
2025-06-02 15:22:07,789 - DEBUG - https://www.fuzu.com:443 "GET /jobs?search=junior%20data%20science&location=kenya HTTP/1.1" 301 None
2025-06-02 15:22:08,040 - DEBUG - https://www.fuzu.com:443 "GET /job HTTP/1.1" 200 None
2025-06-02 15:22:08,117 - DEBUG - Fuzu fallback HTML snippet: <!doctype html>
<html lang="en">
<head>
  <meta charset="UTF-8">
  <meta content="IE=edge" http-equiv="X-UA-Compatible">
  <meta name="viewport" content="width=device-width, initial-scale=1.0, maximum-scale=5.0, minimum-scale=1.0">
    <meta name="theme-color" content="#ffffff" />
  <meta http-equiv="X-UA-Compatible" content="ie=edge">
  <meta name="turbolinks-cache-control" content="no-cache">

    

    
    <title>1313 jobs in Africa in June 2025 | Fuzu</title>
<meta property="og:title" content="1313 jobs in Africa in June 2025 | Fuzu" data-react-helmet="true" />
<meta name="description" content="Search latest jobs and vacancies in Africa. Access job search, learning and career planning tools &amp; alerts. Temporary and permanent job opportunities." data-react-helmet="true" />
<meta property="og:description" content="Search latest jobs and vacancies in Africa. Access job search, learning and career planning tools &amp; alerts. Temporary and permanent job opportunities." data-react-h...
2025-06-02 15:22:08,156 - INFO - Fuzu: 0 jobs scraped.
2025-06-02 15:22:08,158 - INFO - Scraping MyJobsMag jobs...
2025-06-02 15:22:08,167 - DEBUG - Starting new HTTPS connection (1): www.myjobmag.co.ke:443
2025-06-02 15:22:11,659 - DEBUG - https://www.myjobmag.co.ke:443 "GET /jobs-by-title/data-analyst HTTP/1.1" 200 None
2025-06-02 15:22:12,151 - DEBUG - MyJobsMag HTML snippet: 

<!doctype html>

<html>

<head>



<meta http-equiv="Content-Type" content="text/html; charset=utf-8" />
<meta http-equiv="Content-Language" Content="en" />
<base href="https://www.myjobmag.co.ke/" />
<title>Data Analyst Jobs in Kenya June 2025 | MyJobMag</title>

<meta name="description" content="Latest Data Analyst jobs in Kenya on MyJobMag. Discover over 18 Data Analyst vacancies today and get hired. Apply now." />

<link rel="canonical" href="https://www.myjobmag.co.ke/jobs-by-title/data-analyst" />
<link rel="next" href="https://www.myjobmag.co.ke/jobs-by-title/data-analyst/2" />
<meta name="robots" content="index, follow">
<meta name="revisit-after" content="1" />
<meta name="refresh time" content="1" />
<meta name="copyright" content="myjobmag.co.ke" />
<meta name="author" content="Myjobmag" />


<meta name="language" content="English" />


<meta name="revisit-after" content="1" />

<meta property="og:title" content="Data Analyst Jobs in Kenya Ju...
2025-06-02 15:22:12,192 - INFO - Found job: Senior Business Analyst - Agricultural Service at Bridge Talent Management
2025-06-02 15:22:12,192 - INFO - MyJobsMag: 1 jobs scraped.
2025-06-02 15:22:12,193 - INFO - Total jobs scraped from all boards: 1
2025-06-02 15:22:12,193 - INFO - ====== WebDriver manager ======
2025-06-02 15:22:12,352 - INFO - Get LATEST chromedriver version for google-chrome
2025-06-02 15:22:12,354 - DEBUG - Starting new HTTPS connection (1): googlechromelabs.github.io:443
2025-06-02 15:22:12,555 - DEBUG - https://googlechromelabs.github.io:443 "GET /chrome-for-testing/latest-patch-versions-per-build.json HTTP/1.1" 200 11368
2025-06-02 15:22:12,567 - INFO - Get LATEST chromedriver version for google-chrome
2025-06-02 15:22:12,569 - DEBUG - Starting new HTTPS connection (1): googlechromelabs.github.io:443
2025-06-02 15:22:12,780 - DEBUG - https://googlechromelabs.github.io:443 "GET /chrome-for-testing/latest-patch-versions-per-build.json HTTP/1.1" 200 11368
2025-06-02 15:22:12,789 - INFO - Driver [/Users/jobkimani/.wdm/drivers/chromedriver/mac64/137.0.7151.55/chromedriver-mac-arm64/THIRD_PARTY_NOTICES.chromedriver] found in cache
2025-06-02 15:22:12,793 - ERROR - Error setting up Chrome driver: [Errno 8] Exec format error: '/Users/jobkimani/.wdm/drivers/chromedriver/mac64/137.0.7151.55/chromedriver-mac-arm64/THIRD_PARTY_NOTICES.chromedriver'
2025-06-02 15:22:51,206 - INFO - Starting job application process
2025-06-02 15:22:52,144 - INFO - BrighterMonday: 0 jobs scraped.
2025-06-02 15:22:53,109 - INFO - LinkedIn: 0 jobs scraped.
2025-06-02 15:22:53,768 - INFO - Fuzu: 0 jobs scraped.
2025-06-02 15:22:58,797 - INFO - MyJobsMag: 0 jobs scraped.
2025-06-02 15:22:58,798 - INFO - Total jobs scraped from all boards: 0
2025-06-02 15:22:58,798 - WARNING - No new jobs found to apply for.
2025-06-02 15:25:25,853 - INFO - Starting job application process
2025-06-02 15:25:27,728 - INFO - BrighterMonday: 25 links scraped (unfiltered)
2025-06-02 15:25:28,711 - INFO - LinkedIn: 40 links scraped (unfiltered)
2025-06-02 15:25:29,550 - INFO - Fuzu: 176 links scraped (unfiltered)
2025-06-02 15:25:38,743 - INFO - MyJobsMag: 110 links scraped (unfiltered)
2025-06-02 15:25:38,745 - INFO - Total jobs scraped from all boards (unfiltered): 351
2025-06-02 15:25:38,747 - INFO - Total jobs after filtering: 26
2025-06-02 15:25:55,471 - INFO - Starting job application process
2025-06-02 15:25:59,677 - INFO - BrighterMonday: 25 links scraped (unfiltered)
2025-06-02 15:26:00,730 - INFO - LinkedIn: 40 links scraped (unfiltered)
2025-06-02 15:26:01,421 - INFO - Fuzu: 176 links scraped (unfiltered)
2025-06-02 15:26:10,618 - INFO - MyJobsMag: 110 links scraped (unfiltered)
2025-06-02 15:26:10,621 - INFO - Total jobs scraped from all boards (unfiltered): 351
2025-06-02 15:26:10,623 - INFO - Total jobs after filtering: 26
2025-06-02 15:26:10,623 - INFO - Found job: ERP Developer junior at N/A
2025-06-02 15:26:12,628 - INFO - Found job: Junior Marketing Analyst at N/A
2025-06-02 15:26:14,633 - INFO - Found job: Information technology, software development, data at N/A
2025-06-02 15:26:16,640 - INFO - Found job: Data/Research at N/A
2025-06-02 15:26:18,646 - INFO - Found job: Entry and Basic-level at N/A
2025-06-02 15:26:20,650 - INFO - Found job: GIZ KEOnly onFuzuTechnical Intern - AgsysNairobi, Kenya10 days remaining at N/A
2025-06-02 15:26:22,656 - INFO - Found job: Entry and Basic-level at N/A
2025-06-02 15:26:24,662 - INFO - Found job: Senior Business Analyst - Agricultural Service at Bridge Talent Management at N/A
2025-06-02 15:26:26,665 - INFO - Found job: Policy Analyst – Advocacy and Systems Strengthening at Food For Education at N/A
2025-06-02 15:26:28,670 - INFO - Found job: Digital Partnerships Analyst - Digital Financial Services Division at KCB Bank Kenya at N/A
